Copyright 1986-2020 Xilinx, Inc. All Rights Reserved.
-------------------------------------------------------------------------------------------------------------------------------------------------------------------------------
| Tool Version     : Vivado v.2020.2 (win64) Build 3064766 Wed Nov 18 09:12:45 MST 2020
| Date             : Thu Jun  5 15:14:26 2025
| Host             : GabMaltais running 64-bit major release  (build 9200)
| Command          : report_power -file main_design_wrapper_power_routed.rpt -pb main_design_wrapper_power_summary_routed.pb -rpx main_design_wrapper_power_routed.rpx
| Design           : main_design_wrapper
| Device           : xc7z010clg400-1
| Design State     : routed
| Grade            : commercial
| Process          : typical
| Characterization : Production
-------------------------------------------------------------------------------------------------------------------------------------------------------------------------------

Power Report

Table of Contents
-----------------
1. Summary
1.1 On-Chip Components
1.2 Power Supply Summary
1.3 Confidence Level
2. Settings
2.1 Environment
2.2 Clock Constraints
3. Detailed Reports
3.1 By Hierarchy

1. Summary
----------

+--------------------------+--------------+
| Total On-Chip Power (W)  | 1.707        |
| Design Power Budget (W)  | Unspecified* |
| Power Budget Margin (W)  | NA           |
| Dynamic (W)              | 1.584        |
| Device Static (W)        | 0.123        |
| Effective TJA (C/W)      | 11.5         |
| Max Ambient (C)          | 65.3         |
| Junction Temperature (C) | 44.7         |
| Confidence Level         | Low          |
| Setting File             | ---          |
| Simulation Activity File | ---          |
| Design Nets Matched      | NA           |
+--------------------------+--------------+
* Specify Design Power Budget using, set_operating_conditions -design_power_budget <value in Watts>


1.1 On-Chip Components
----------------------

+--------------------------+-----------+----------+-----------+-----------------+
| On-Chip                  | Power (W) | Used     | Available | Utilization (%) |
+--------------------------+-----------+----------+-----------+-----------------+
| Clocks                   |     0.022 |       13 |       --- |             --- |
| Slice Logic              |     0.006 |    12647 |       --- |             --- |
|   LUT as Logic           |     0.006 |     4423 |     17600 |           25.13 |
|   CARRY4                 |    <0.001 |      168 |      4400 |            3.82 |
|   Register               |    <0.001 |     5049 |     35200 |           14.34 |
|   LUT as Distributed RAM |    <0.001 |      106 |      6000 |            1.77 |
|   F7/F8 Muxes            |    <0.001 |      123 |     17600 |            0.70 |
|   LUT as Shift Register  |    <0.001 |      204 |      6000 |            3.40 |
|   Others                 |    <0.001 |     1191 |       --- |             --- |
| Signals                  |     0.009 |     9191 |       --- |             --- |
| Block RAM                |     0.028 |        7 |        60 |           11.67 |
| MMCM                     |     0.106 |        1 |         2 |           50.00 |
| DSPs                     |     0.002 |        5 |        80 |            6.25 |
| I/O                      |     0.002 |       17 |       100 |           17.00 |
| PS7                      |     1.408 |        1 |       --- |             --- |
| Static Power             |     0.123 |          |           |                 |
| Total                    |     1.707 |          |           |                 |
+--------------------------+-----------+----------+-----------+-----------------+


1.2 Power Supply Summary
------------------------

+-----------+-------------+-----------+-------------+------------+-------------+-------------+------------+
| Source    | Voltage (V) | Total (A) | Dynamic (A) | Static (A) | Powerup (A) | Budget (A)  | Margin (A) |
+-----------+-------------+-----------+-------------+------------+-------------+-------------+------------+
| Vccint    |       1.000 |     0.074 |       0.067 |      0.007 |       NA    | Unspecified | NA         |
| Vccaux    |       1.800 |     0.067 |       0.059 |      0.008 |       NA    | Unspecified | NA         |
| Vcco33    |       3.300 |     0.002 |       0.001 |      0.001 |       NA    | Unspecified | NA         |
| Vcco25    |       2.500 |     0.000 |       0.000 |      0.000 |       NA    | Unspecified | NA         |
| Vcco18    |       1.800 |     0.000 |       0.000 |      0.000 |       NA    | Unspecified | NA         |
| Vcco15    |       1.500 |     0.000 |       0.000 |      0.000 |       NA    | Unspecified | NA         |
| Vcco135   |       1.350 |     0.000 |       0.000 |      0.000 |       NA    | Unspecified | NA         |
| Vcco12    |       1.200 |     0.000 |       0.000 |      0.000 |       NA    | Unspecified | NA         |
| Vccaux_io |       1.800 |     0.000 |       0.000 |      0.000 |       NA    | Unspecified | NA         |
| Vccbram   |       1.000 |     0.003 |       0.002 |      0.001 |       NA    | Unspecified | NA         |
| MGTAVcc   |       1.000 |     0.000 |       0.000 |      0.000 |       NA    | Unspecified | NA         |
| MGTAVtt   |       1.200 |     0.000 |       0.000 |      0.000 |       NA    | Unspecified | NA         |
| MGTVccaux |       1.800 |     0.000 |       0.000 |      0.000 |       NA    | Unspecified | NA         |
| Vccpint   |       1.000 |     0.758 |       0.728 |      0.030 |       NA    | Unspecified | NA         |
| Vccpaux   |       1.800 |     0.061 |       0.050 |      0.010 |       NA    | Unspecified | NA         |
| Vccpll    |       1.800 |     0.018 |       0.015 |      0.003 |       NA    | Unspecified | NA         |
| Vcco_ddr  |       1.350 |     0.413 |       0.411 |      0.002 |       NA    | Unspecified | NA         |
| Vcco_mio0 |       1.800 |     0.004 |       0.003 |      0.001 |       NA    | Unspecified | NA         |
| Vcco_mio1 |       1.800 |     0.001 |       0.000 |      0.001 |       NA    | Unspecified | NA         |
| Vccadc    |       1.800 |     0.020 |       0.000 |      0.020 |       NA    | Unspecified | NA         |
+-----------+-------------+-----------+-------------+------------+-------------+-------------+------------+


1.3 Confidence Level
--------------------

+-----------------------------+------------+--------------------------------------------------------+------------------------------------------------------------------------------------------------------------+
| User Input Data             | Confidence | Details                                                | Action                                                                                                     |
+-----------------------------+------------+--------------------------------------------------------+------------------------------------------------------------------------------------------------------------+
| Design implementation state | High       | Design is routed                                       |                                                                                                            |
| Clock nodes activity        | High       | User specified more than 95% of clocks                 |                                                                                                            |
| I/O nodes activity          | Low        | More than 75% of inputs are missing user specification | Provide missing input activity with simulation results or by editing the "By Resource Type -> I/Os" view   |
| Internal nodes activity     | Medium     | User specified less than 25% of internal nodes         | Provide missing internal nodes activity with simulation results or by editing the "By Resource Type" views |
| Device models               | High       | Device models are Production                           |                                                                                                            |
|                             |            |                                                        |                                                                                                            |
| Overall confidence level    | Low        |                                                        |                                                                                                            |
+-----------------------------+------------+--------------------------------------------------------+------------------------------------------------------------------------------------------------------------+


2. Settings
-----------

2.1 Environment
---------------

+-----------------------+------------------------+
| Ambient Temp (C)      | 25.0                   |
| ThetaJA (C/W)         | 11.5                   |
| Airflow (LFM)         | 250                    |
| Heat Sink             | none                   |
| ThetaSA (C/W)         | 0.0                    |
| Board Selection       | medium (10"x10")       |
| # of Board Layers     | 8to11 (8 to 11 Layers) |
| Board Temperature (C) | 25.0                   |
+-----------------------+------------------------+


2.2 Clock Constraints
---------------------

+---------------------------------------------------------------+---------------------------------------------------------------+-----------------+
| Clock                                                         | Domain                                                        | Constraint (ns) |
+---------------------------------------------------------------+---------------------------------------------------------------+-----------------+
| clk_out1_main_design_clk_wiz_1_0                              | main_design_i/clk_wiz_1/inst/clk_out1_main_design_clk_wiz_1_0 |            10.0 |
| clk_out1_main_design_clk_wiz_1_0_1                            | main_design_i/clk_wiz_1/inst/clk_out1_main_design_clk_wiz_1_0 |            10.0 |
| clk_out2_main_design_clk_wiz_1_0                              | main_design_i/clk_wiz_1/inst/clk_out2_main_design_clk_wiz_1_0 |            50.0 |
| clk_out2_main_design_clk_wiz_1_0_1                            | main_design_i/clk_wiz_1/inst/clk_out2_main_design_clk_wiz_1_0 |            50.0 |
| clkfbout_main_design_clk_wiz_1_0                              | main_design_i/clk_wiz_1/inst/clkfbout_main_design_clk_wiz_1_0 |             8.0 |
| clkfbout_main_design_clk_wiz_1_0_1                            | main_design_i/clk_wiz_1/inst/clkfbout_main_design_clk_wiz_1_0 |             8.0 |
| main_design_i/mdm_0/U0/Use_E2.BSCAN_I/Use_E2.BSCANE2_I/DRCK   | main_design_i/mdm_0/U0/Use_E2.BSCAN_I/DRCK                    |            33.3 |
| main_design_i/mdm_0/U0/Use_E2.BSCAN_I/Use_E2.BSCANE2_I/UPDATE | main_design_i/mdm_0/U0/Use_E2.BSCAN_I/Dbg_Update_0            |            33.3 |
| sys_clk_pin                                                   | sys_clock                                                     |             8.0 |
| sys_clock                                                     | sys_clock                                                     |             8.0 |
+---------------------------------------------------------------+---------------------------------------------------------------+-----------------+


3. Detailed Reports
-------------------

3.1 By Hierarchy
----------------

+--------------------------+-----------+
| Name                     | Power (W) |
+--------------------------+-----------+
| main_design_wrapper      |     1.584 |
|   main_design_i          |     1.582 |
|     axi_interconnect_0   |     0.008 |
|       m00_couplers       |     0.001 |
|       s00_couplers       |     0.002 |
|       s01_couplers       |     0.002 |
|       xbar               |     0.003 |
|     axi_quad_spi_0       |     0.001 |
|       U0                 |     0.001 |
|     clk_wiz_1            |     0.107 |
|       inst               |     0.107 |
|     microblaze_0         |     0.054 |
|       U0                 |     0.054 |
|     processing_system7_0 |     1.408 |
|       inst               |     1.408 |
+--------------------------+-----------+


