Copyright 1986-2020 Xilinx, Inc. All Rights Reserved.
------------------------------------------------------------------------------------------------------------------------------------------------
| Tool Version : Vivado v.2020.2 (win64) Build 3064766 Wed Nov 18 09:12:45 MST 2020
| Date         : Thu Jun  5 15:13:36 2025
| Host         : GabMaltais running 64-bit major release  (build 9200)
| Command      : report_drc -file main_design_wrapper_drc_opted.rpt -pb main_design_wrapper_drc_opted.pb -rpx main_design_wrapper_drc_opted.rpx
| Design       : main_design_wrapper
| Device       : xc7z010clg400-1
| Speed File   : -1
| Design State : Synthesized
------------------------------------------------------------------------------------------------------------------------------------------------

Report DRC

Table of Contents
-----------------
1. REPORT SUMMARY
2. REPORT DETAILS

1. REPORT SUMMARY
-----------------
            Netlist: netlist
          Floorplan: design_1
      Design limits: <entire design considered>
           Ruledeck: default
             Max violations: <unlimited>
             Violations found: 14
+--------+----------+--------------------------+------------+
| Rule   | Severity | Description              | Violations |
+--------+----------+--------------------------+------------+
| BUFC-1 | Warning  | Input Buffer Connections | 3          |
| DPIP-1 | Warning  | Input pipelining         | 8          |
| DPOP-1 | Warning  | PREG Output pipelining   | 2          |
| DPOP-2 | Warning  | MREG Output pipelining   | 1          |
+--------+----------+--------------------------+------------+

2. REPORT DETAILS
-----------------
BUFC-1#1 Warning
Input Buffer Connections  
Input buffer Pmod_NIC100_io0_iobuf/IBUF (in Pmod_NIC100_io0_iobuf macro) has no loads. It is recommended to have an input buffer drive an internal load.
Related violations: <none>

BUFC-1#2 Warning
Input Buffer Connections  
Input buffer Pmod_NIC100_sck_iobuf/IBUF (in Pmod_NIC100_sck_iobuf macro) has no loads. It is recommended to have an input buffer drive an internal load.
Related violations: <none>

BUFC-1#3 Warning
Input Buffer Connections  
Input buffer Pmod_NIC100_ss_iobuf_0/IBUF (in Pmod_NIC100_ss_iobuf_0 macro) has no loads. It is recommended to have an input buffer drive an internal load.
Related violations: <none>

DPIP-1#1 Warning
Input pipelining  
DSP main_design_i/microblaze_0/U0/MicroBlaze_Core_I/Performance.Core/Data_Flow_I/FPU_I/Use_FPU.FPU_MUL_I/Use_Single_DSP48E1.dsp_module_lower/Using_DSP48E1.DSP48E1_I1/Using_FPGA.DSP48E1_I1 input main_design_i/microblaze_0/U0/MicroBlaze_Core_I/Performance.Core/Data_Flow_I/FPU_I/Use_FPU.FPU_MUL_I/Use_Single_DSP48E1.dsp_module_lower/Using_DSP48E1.DSP48E1_I1/Using_FPGA.DSP48E1_I1/A[29:0] is not pipelined. Pipelining DSP48 input will improve performance.
Related violations: <none>

DPIP-1#2 Warning
Input pipelining  
DSP main_design_i/microblaze_0/U0/MicroBlaze_Core_I/Performance.Core/Data_Flow_I/FPU_I/Use_FPU.FPU_MUL_I/Use_Single_DSP48E1.dsp_module_lower/Using_DSP48E1.DSP48E1_I1/Using_FPGA.DSP48E1_I1 input main_design_i/microblaze_0/U0/MicroBlaze_Core_I/Performance.Core/Data_Flow_I/FPU_I/Use_FPU.FPU_MUL_I/Use_Single_DSP48E1.dsp_module_lower/Using_DSP48E1.DSP48E1_I1/Using_FPGA.DSP48E1_I1/B[17:0] is not pipelined. Pipelining DSP48 input will improve performance.
Related violations: <none>

DPIP-1#3 Warning
Input pipelining  
DSP main_design_i/microblaze_0/U0/MicroBlaze_Core_I/Performance.Core/Data_Flow_I/FPU_I/Use_FPU.FPU_MUL_I/Use_Single_DSP48E1.dsp_module_upper/Using_DSP48E1.DSP48E1_I1/Using_FPGA.DSP48E1_I1 input main_design_i/microblaze_0/U0/MicroBlaze_Core_I/Performance.Core/Data_Flow_I/FPU_I/Use_FPU.FPU_MUL_I/Use_Single_DSP48E1.dsp_module_upper/Using_DSP48E1.DSP48E1_I1/Using_FPGA.DSP48E1_I1/A[29:0] is not pipelined. Pipelining DSP48 input will improve performance.
Related violations: <none>

DPIP-1#4 Warning
Input pipelining  
DSP main_design_i/microblaze_0/U0/MicroBlaze_Core_I/Performance.Core/Data_Flow_I/FPU_I/Use_FPU.FPU_MUL_I/Use_Single_DSP48E1.dsp_module_upper/Using_DSP48E1.DSP48E1_I1/Using_FPGA.DSP48E1_I1 input main_design_i/microblaze_0/U0/MicroBlaze_Core_I/Performance.Core/Data_Flow_I/FPU_I/Use_FPU.FPU_MUL_I/Use_Single_DSP48E1.dsp_module_upper/Using_DSP48E1.DSP48E1_I1/Using_FPGA.DSP48E1_I1/B[17:0] is not pipelined. Pipelining DSP48 input will improve performance.
Related violations: <none>

DPIP-1#5 Warning
Input pipelining  
DSP main_design_i/microblaze_0/U0/MicroBlaze_Core_I/Performance.Core/Data_Flow_I/MUL_Unit_I/Use_HW_MUL.Using_DSP48_Architectures.No_MUL64.dsp_module_I2/Using_DSP48E1.DSP48E1_I1/Using_FPGA.DSP48E1_I1 input main_design_i/microblaze_0/U0/MicroBlaze_Core_I/Performance.Core/Data_Flow_I/MUL_Unit_I/Use_HW_MUL.Using_DSP48_Architectures.No_MUL64.dsp_module_I2/Using_DSP48E1.DSP48E1_I1/Using_FPGA.DSP48E1_I1/A[29:0] is not pipelined. Pipelining DSP48 input will improve performance.
Related violations: <none>

DPIP-1#6 Warning
Input pipelining  
DSP main_design_i/microblaze_0/U0/MicroBlaze_Core_I/Performance.Core/Data_Flow_I/MUL_Unit_I/Use_HW_MUL.Using_DSP48_Architectures.No_MUL64.dsp_module_I2/Using_DSP48E1.DSP48E1_I1/Using_FPGA.DSP48E1_I1 input main_design_i/microblaze_0/U0/MicroBlaze_Core_I/Performance.Core/Data_Flow_I/MUL_Unit_I/Use_HW_MUL.Using_DSP48_Architectures.No_MUL64.dsp_module_I2/Using_DSP48E1.DSP48E1_I1/Using_FPGA.DSP48E1_I1/B[17:0] is not pipelined. Pipelining DSP48 input will improve performance.
Related violations: <none>

DPIP-1#7 Warning
Input pipelining  
DSP main_design_i/microblaze_0/U0/MicroBlaze_Core_I/Performance.Core/Data_Flow_I/MUL_Unit_I/Use_HW_MUL.Using_DSP48_Architectures.dsp_module_I1/Using_DSP48E1.DSP48E1_I1/Using_FPGA.DSP48E1_I1 input main_design_i/microblaze_0/U0/MicroBlaze_Core_I/Performance.Core/Data_Flow_I/MUL_Unit_I/Use_HW_MUL.Using_DSP48_Architectures.dsp_module_I1/Using_DSP48E1.DSP48E1_I1/Using_FPGA.DSP48E1_I1/A[29:0] is not pipelined. Pipelining DSP48 input will improve performance.
Related violations: <none>

DPIP-1#8 Warning
Input pipelining  
DSP main_design_i/microblaze_0/U0/MicroBlaze_Core_I/Performance.Core/Data_Flow_I/MUL_Unit_I/Use_HW_MUL.Using_DSP48_Architectures.dsp_module_I1/Using_DSP48E1.DSP48E1_I1/Using_FPGA.DSP48E1_I1 input main_design_i/microblaze_0/U0/MicroBlaze_Core_I/Performance.Core/Data_Flow_I/MUL_Unit_I/Use_HW_MUL.Using_DSP48_Architectures.dsp_module_I1/Using_DSP48E1.DSP48E1_I1/Using_FPGA.DSP48E1_I1/B[17:0] is not pipelined. Pipelining DSP48 input will improve performance.
Related violations: <none>

DPOP-1#1 Warning
PREG Output pipelining  
DSP main_design_i/microblaze_0/U0/MicroBlaze_Core_I/Performance.Core/Data_Flow_I/FPU_I/Use_FPU.FPU_MUL_I/Use_Single_DSP48E1.dsp_module_lower/Using_DSP48E1.DSP48E1_I1/Using_FPGA.DSP48E1_I1 output main_design_i/microblaze_0/U0/MicroBlaze_Core_I/Performance.Core/Data_Flow_I/FPU_I/Use_FPU.FPU_MUL_I/Use_Single_DSP48E1.dsp_module_lower/Using_DSP48E1.DSP48E1_I1/Using_FPGA.DSP48E1_I1/PATTERNDETECT is not pipelined (PREG=0). Pipelining the DSP48 output will improve performance and often saves power so it is suggested whenever possible to fully pipeline this function.  If this DSP48 function was inferred, it is suggested to describe an additional register stage after this function.  If the DSP48 was instantiated in the design, it is suggested to set the PREG attribute to 1.
Related violations: <none>

DPOP-1#2 Warning
PREG Output pipelining  
DSP main_design_i/microblaze_0/U0/MicroBlaze_Core_I/Performance.Core/Data_Flow_I/MUL_Unit_I/Use_HW_MUL.Using_DSP48_Architectures.No_MUL64.dsp_module_I3/Using_DSP48E1.DSP48E1_I1/Using_FPGA.DSP48E1_I1 output main_design_i/microblaze_0/U0/MicroBlaze_Core_I/Performance.Core/Data_Flow_I/MUL_Unit_I/Use_HW_MUL.Using_DSP48_Architectures.No_MUL64.dsp_module_I3/Using_DSP48E1.DSP48E1_I1/Using_FPGA.DSP48E1_I1/P[47:0] is not pipelined (PREG=0). Pipelining the DSP48 output will improve performance and often saves power so it is suggested whenever possible to fully pipeline this function.  If this DSP48 function was inferred, it is suggested to describe an additional register stage after this function.  If the DSP48 was instantiated in the design, it is suggested to set the PREG attribute to 1.
Related violations: <none>

DPOP-2#1 Warning
MREG Output pipelining  
DSP main_design_i/microblaze_0/U0/MicroBlaze_Core_I/Performance.Core/Data_Flow_I/MUL_Unit_I/Use_HW_MUL.Using_DSP48_Architectures.dsp_module_I1/Using_DSP48E1.DSP48E1_I1/Using_FPGA.DSP48E1_I1 multiplier stage main_design_i/microblaze_0/U0/MicroBlaze_Core_I/Performance.Core/Data_Flow_I/MUL_Unit_I/Use_HW_MUL.Using_DSP48_Architectures.dsp_module_I1/Using_DSP48E1.DSP48E1_I1/Using_FPGA.DSP48E1_I1/P[47:0] is not pipelined (MREG=0). Pipelining the multiplier function will improve performance and will save significant power so it is suggested whenever possible to fully pipeline this function.  If this multiplier was inferred, it is suggested to describe an additional register stage after this function.  If there is no registered adder/accumulator following the multiply function, two pipeline stages are suggested to allow both the MREG and PREG registers to be used.  If the DSP48 was instantiated in the design, it is suggested to set both the MREG and PREG attributes to 1 when performing multiply functions.
Related violations: <none>


