
*** Running vivado
    with args -log main_design_Somme_0.vds -m64 -product Vivado -mode batch -messageDb vivado.pb -notrace -source main_design_Somme_0.tcl



****** Vivado v2020.2 (64-bit)
  **** SW Build 3064766 on Wed Nov 18 09:12:45 MST 2020
  **** IP Build 3064653 on Wed Nov 18 14:17:31 MST 2020
    ** Copyright 1986-2020 Xilinx, Inc. All Rights Reserved.

source main_design_Somme_0.tcl -notrace
INFO: [IP_Flow 19-234] Refreshing IP repositories
INFO: [IP_Flow 19-1700] Loaded user IP repository 'c:/Users/gabma/Projet S4/labo1_final/labo1/env_vivado/ipdefs'.
INFO: [IP_Flow 19-2313] Loaded Vivado IP repository 'C:/Xilinx/Vivado/2020.2/data/ip'.
Command: synth_design -top main_design_Somme_0 -part xc7z010clg400-1 -mode out_of_context
Starting synth_design
Attempting to get a license for feature 'Synthesis' and/or device 'xc7z010'
INFO: [Common 17-349] Got license for feature 'Synthesis' and/or device 'xc7z010'
INFO: [Device 21-403] Loading part xc7z010clg400-1
INFO: [Synth 8-7079] Multithreading enabled for synth_design using a maximum of 2 processes.
INFO: [Synth 8-7078] Launching helper process for spawning children vivado processes
INFO: [Synth 8-7075] Helper process launched with PID 35660
---------------------------------------------------------------------------------
Starting RTL Elaboration : Time (s): cpu = 00:00:02 ; elapsed = 00:00:07 . Memory (MB): peak = 1123.930 ; gain = 38.207
---------------------------------------------------------------------------------
INFO: [Synth 8-638] synthesizing module 'main_design_Somme_0' [c:/Users/gabma/Projet S4/labo1_final/labo1/projet_vivado/projet_vivado.gen/sources_1/bd/main_design/ip/main_design_Somme_0/synth/main_design_Somme_0.vhd:69]
	Parameter C_VERBOSITY bound to: 0 - type: integer 
	Parameter C_XDEVICEFAMILY bound to: zynq - type: string 
	Parameter C_IMPLEMENTATION bound to: 0 - type: integer 
	Parameter C_A_WIDTH bound to: 32 - type: integer 
	Parameter C_B_WIDTH bound to: 32 - type: integer 
	Parameter C_OUT_WIDTH bound to: 32 - type: integer 
	Parameter C_CE_OVERRIDES_SCLR bound to: 0 - type: integer 
	Parameter C_A_TYPE bound to: 1 - type: integer 
	Parameter C_B_TYPE bound to: 1 - type: integer 
	Parameter C_LATENCY bound to: 1 - type: integer 
	Parameter C_ADD_MODE bound to: 0 - type: integer 
	Parameter C_B_CONSTANT bound to: 0 - type: integer 
	Parameter C_B_VALUE bound to: 00000000000000000000000000000000 - type: string 
	Parameter C_AINIT_VAL bound to: 0 - type: string 
	Parameter C_SINIT_VAL bound to: 0 - type: string 
	Parameter C_CE_OVERRIDES_BYPASS bound to: 1 - type: integer 
	Parameter C_BYPASS_LOW bound to: 0 - type: integer 
	Parameter C_SCLR_OVERRIDES_SSET bound to: 1 - type: integer 
	Parameter C_HAS_C_IN bound to: 0 - type: integer 
	Parameter C_HAS_C_OUT bound to: 0 - type: integer 
	Parameter C_BORROW_LOW bound to: 1 - type: integer 
	Parameter C_HAS_CE bound to: 1 - type: integer 
	Parameter C_HAS_BYPASS bound to: 0 - type: integer 
	Parameter C_HAS_SCLR bound to: 0 - type: integer 
	Parameter C_HAS_SSET bound to: 0 - type: integer 
	Parameter C_HAS_SINIT bound to: 0 - type: integer 
INFO: [Synth 8-3491] module 'c_addsub_v12_0_14' declared at 'c:/Users/gabma/Projet S4/labo1_final/labo1/projet_vivado/projet_vivado.gen/sources_1/bd/main_design/ipshared/ebb8/hdl/c_addsub_v12_0_vh_rfs.vhd:7026' bound to instance 'U0' of component 'c_addsub_v12_0_14' [c:/Users/gabma/Projet S4/labo1_final/labo1/projet_vivado/projet_vivado.gen/sources_1/bd/main_design/ip/main_design_Somme_0/synth/main_design_Somme_0.vhd:138]
INFO: [Synth 8-256] done synthesizing module 'main_design_Somme_0' (7#1) [c:/Users/gabma/Projet S4/labo1_final/labo1/projet_vivado/projet_vivado.gen/sources_1/bd/main_design/ip/main_design_Somme_0/synth/main_design_Somme_0.vhd:69]
---------------------------------------------------------------------------------
Finished RTL Elaboration : Time (s): cpu = 00:00:02 ; elapsed = 00:00:12 . Memory (MB): peak = 1196.699 ; gain = 110.977
---------------------------------------------------------------------------------
---------------------------------------------------------------------------------
Start Handling Custom Attributes
---------------------------------------------------------------------------------
---------------------------------------------------------------------------------
Finished Handling Custom Attributes : Time (s): cpu = 00:00:02 ; elapsed = 00:00:12 . Memory (MB): peak = 1196.699 ; gain = 110.977
---------------------------------------------------------------------------------
---------------------------------------------------------------------------------
Finished RTL Optimization Phase 1 : Time (s): cpu = 00:00:02 ; elapsed = 00:00:12 . Memory (MB): peak = 1196.699 ; gain = 110.977
---------------------------------------------------------------------------------
Netlist sorting complete. Time (s): cpu = 00:00:00 ; elapsed = 00:00:00.008 . Memory (MB): peak = 1196.699 ; gain = 0.000
INFO: [Netlist 29-17] Analyzing 63 Unisim elements for replacement
INFO: [Netlist 29-28] Unisim Transformation completed in 0 CPU seconds
INFO: [Project 1-570] Preparing netlist for logic optimization

Processing XDC Constraints
Initializing timing engine
Parsing XDC File [c:/Users/gabma/Projet S4/labo1_final/labo1/projet_vivado/projet_vivado.gen/sources_1/bd/main_design/ip/main_design_Somme_0/main_design_Somme_0_ooc.xdc] for cell 'U0'
Finished Parsing XDC File [c:/Users/gabma/Projet S4/labo1_final/labo1/projet_vivado/projet_vivado.gen/sources_1/bd/main_design/ip/main_design_Somme_0/main_design_Somme_0_ooc.xdc] for cell 'U0'
Parsing XDC File [C:/Users/gabma/Projet S4/labo1_final/labo1/projet_vivado/projet_vivado.runs/main_design_Somme_0_synth_1/dont_touch.xdc]
Finished Parsing XDC File [C:/Users/gabma/Projet S4/labo1_final/labo1/projet_vivado/projet_vivado.runs/main_design_Somme_0_synth_1/dont_touch.xdc]
Completed Processing XDC Constraints

Netlist sorting complete. Time (s): cpu = 00:00:00 ; elapsed = 00:00:00 . Memory (MB): peak = 1258.020 ; gain = 0.000
INFO: [Project 1-111] Unisim Transformation Summary:
No Unisim elements were transformed.

Constraint Validation Runtime : Time (s): cpu = 00:00:00 ; elapsed = 00:00:00.022 . Memory (MB): peak = 1268.922 ; gain = 10.902
---------------------------------------------------------------------------------
Finished Constraint Validation : Time (s): cpu = 00:00:05 ; elapsed = 00:00:18 . Memory (MB): peak = 1268.922 ; gain = 183.199
---------------------------------------------------------------------------------
---------------------------------------------------------------------------------
Start Loading Part and Timing Information
---------------------------------------------------------------------------------
Loading part: xc7z010clg400-1
---------------------------------------------------------------------------------
Finished Loading Part and Timing Information : Time (s): cpu = 00:00:05 ; elapsed = 00:00:18 . Memory (MB): peak = 1268.922 ; gain = 183.199
---------------------------------------------------------------------------------
---------------------------------------------------------------------------------
Start Applying 'set_property' XDC Constraints
---------------------------------------------------------------------------------
Applied set_property KEEP_HIERARCHY = SOFT for U0. (constraint file  {C:/Users/gabma/Projet S4/labo1_final/labo1/projet_vivado/projet_vivado.runs/main_design_Somme_0_synth_1/dont_touch.xdc}, line 9).
---------------------------------------------------------------------------------
Finished applying 'set_property' XDC Constraints : Time (s): cpu = 00:00:05 ; elapsed = 00:00:18 . Memory (MB): peak = 1268.922 ; gain = 183.199
---------------------------------------------------------------------------------
---------------------------------------------------------------------------------
Finished RTL Optimization Phase 2 : Time (s): cpu = 00:00:05 ; elapsed = 00:00:18 . Memory (MB): peak = 1268.922 ; gain = 183.199
---------------------------------------------------------------------------------
---------------------------------------------------------------------------------
Start RTL Component Statistics 
---------------------------------------------------------------------------------
---------------------------------------------------------------------------------
Finished RTL Component Statistics 
---------------------------------------------------------------------------------
---------------------------------------------------------------------------------
Start Part Resource Summary
---------------------------------------------------------------------------------
Part Resources:
DSPs: 80 (col length:40)
BRAMs: 120 (col length: RAMB18 40 RAMB36 20)
---------------------------------------------------------------------------------
Finished Part Resource Summary
---------------------------------------------------------------------------------
---------------------------------------------------------------------------------
Start Cross Boundary and Area Optimization
---------------------------------------------------------------------------------
---------------------------------------------------------------------------------
Finished Cross Boundary and Area Optimization : Time (s): cpu = 00:00:05 ; elapsed = 00:00:19 . Memory (MB): peak = 1268.922 ; gain = 183.199
---------------------------------------------------------------------------------
---------------------------------------------------------------------------------
Start Applying XDC Timing Constraints
---------------------------------------------------------------------------------
---------------------------------------------------------------------------------
Finished Applying XDC Timing Constraints : Time (s): cpu = 00:00:08 ; elapsed = 00:00:25 . Memory (MB): peak = 1268.922 ; gain = 183.199
---------------------------------------------------------------------------------
---------------------------------------------------------------------------------
Start Timing Optimization
---------------------------------------------------------------------------------
---------------------------------------------------------------------------------
Finished Timing Optimization : Time (s): cpu = 00:00:08 ; elapsed = 00:00:25 . Memory (MB): peak = 1268.922 ; gain = 183.199
---------------------------------------------------------------------------------
---------------------------------------------------------------------------------
Start Technology Mapping
---------------------------------------------------------------------------------
---------------------------------------------------------------------------------
Finished Technology Mapping : Time (s): cpu = 00:00:08 ; elapsed = 00:00:25 . Memory (MB): peak = 1281.441 ; gain = 195.719
---------------------------------------------------------------------------------
---------------------------------------------------------------------------------
Start IO Insertion
---------------------------------------------------------------------------------
---------------------------------------------------------------------------------
Start Flattening Before IO Insertion
---------------------------------------------------------------------------------
---------------------------------------------------------------------------------
Finished Flattening Before IO Insertion
---------------------------------------------------------------------------------
---------------------------------------------------------------------------------
Start Final Netlist Cleanup
---------------------------------------------------------------------------------
---------------------------------------------------------------------------------
Finished Final Netlist Cleanup
---------------------------------------------------------------------------------
---------------------------------------------------------------------------------
Finished IO Insertion : Time (s): cpu = 00:00:10 ; elapsed = 00:00:27 . Memory (MB): peak = 1288.168 ; gain = 202.445
---------------------------------------------------------------------------------
---------------------------------------------------------------------------------
Start Renaming Generated Instances
---------------------------------------------------------------------------------
---------------------------------------------------------------------------------
Finished Renaming Generated Instances : Time (s): cpu = 00:00:10 ; elapsed = 00:00:27 . Memory (MB): peak = 1288.168 ; gain = 202.445
---------------------------------------------------------------------------------
---------------------------------------------------------------------------------
Start Rebuilding User Hierarchy
---------------------------------------------------------------------------------
---------------------------------------------------------------------------------
Finished Rebuilding User Hierarchy : Time (s): cpu = 00:00:10 ; elapsed = 00:00:27 . Memory (MB): peak = 1288.168 ; gain = 202.445
---------------------------------------------------------------------------------
---------------------------------------------------------------------------------
Start Renaming Generated Ports
---------------------------------------------------------------------------------
---------------------------------------------------------------------------------
Finished Renaming Generated Ports : Time (s): cpu = 00:00:10 ; elapsed = 00:00:27 . Memory (MB): peak = 1288.168 ; gain = 202.445
---------------------------------------------------------------------------------
---------------------------------------------------------------------------------
Start Handling Custom Attributes
---------------------------------------------------------------------------------
---------------------------------------------------------------------------------
Finished Handling Custom Attributes : Time (s): cpu = 00:00:10 ; elapsed = 00:00:27 . Memory (MB): peak = 1288.168 ; gain = 202.445
---------------------------------------------------------------------------------
---------------------------------------------------------------------------------
Start Renaming Generated Nets
---------------------------------------------------------------------------------
---------------------------------------------------------------------------------
Finished Renaming Generated Nets : Time (s): cpu = 00:00:10 ; elapsed = 00:00:27 . Memory (MB): peak = 1288.168 ; gain = 202.445
---------------------------------------------------------------------------------
---------------------------------------------------------------------------------
Start Writing Synthesis Report
---------------------------------------------------------------------------------

Report BlackBoxes: 
+-+--------------+----------+
| |BlackBox name |Instances |
+-+--------------+----------+
+-+--------------+----------+

Report Cell Usage: 
+------+------+------+
|      |Cell  |Count |
+------+------+------+
|1     |LUT2  |    32|
|2     |MUXCY |    31|
|3     |XORCY |    32|
|4     |FDRE  |    32|
+------+------+------+
---------------------------------------------------------------------------------
Finished Writing Synthesis Report : Time (s): cpu = 00:00:10 ; elapsed = 00:00:27 . Memory (MB): peak = 1288.168 ; gain = 202.445
---------------------------------------------------------------------------------
Synthesis finished with 0 errors, 0 critical warnings and 0 warnings.
Synthesis Optimization Runtime : Time (s): cpu = 00:00:07 ; elapsed = 00:00:25 . Memory (MB): peak = 1288.168 ; gain = 130.223
Synthesis Optimization Complete : Time (s): cpu = 00:00:10 ; elapsed = 00:00:27 . Memory (MB): peak = 1288.168 ; gain = 202.445
INFO: [Project 1-571] Translating synthesized netlist
Netlist sorting complete. Time (s): cpu = 00:00:00 ; elapsed = 00:00:00.004 . Memory (MB): peak = 1288.168 ; gain = 0.000
INFO: [Netlist 29-17] Analyzing 63 Unisim elements for replacement
INFO: [Netlist 29-28] Unisim Transformation completed in 0 CPU seconds
INFO: [Project 1-570] Preparing netlist for logic optimization
INFO: [Opt 31-138] Pushed 0 inverter(s) to 0 load pin(s).
Netlist sorting complete. Time (s): cpu = 00:00:00 ; elapsed = 00:00:00 . Memory (MB): peak = 1304.652 ; gain = 0.000
INFO: [Project 1-111] Unisim Transformation Summary:
  A total of 8 instances were transformed.
  (MUXCY,XORCY) => CARRY4: 8 instances

INFO: [Common 17-83] Releasing license: Synthesis
22 Infos, 0 Warnings, 0 Critical Warnings and 0 Errors encountered.
synth_design completed successfully
synth_design: Time (s): cpu = 00:00:12 ; elapsed = 00:00:34 . Memory (MB): peak = 1304.652 ; gain = 218.930
INFO: [Common 17-1381] The checkpoint 'C:/Users/gabma/Projet S4/labo1_final/labo1/projet_vivado/projet_vivado.runs/main_design_Somme_0_synth_1/main_design_Somme_0.dcp' has been generated.
WARNING: [Common 17-576] 'use_project_ipc' is deprecated. This option is deprecated and no longer used.
INFO: [Coretcl 2-1648] Added synthesis output to IP cache for IP main_design_Somme_0, cache-ID = df0b54bb68cc9864
INFO: [Coretcl 2-1174] Renamed 6 cell refs.
INFO: [Common 17-1381] The checkpoint 'C:/Users/gabma/Projet S4/labo1_final/labo1/projet_vivado/projet_vivado.runs/main_design_Somme_0_synth_1/main_design_Somme_0.dcp' has been generated.
INFO: [runtcl-4] Executing : report_utilization -file main_design_Somme_0_utilization_synth.rpt -pb main_design_Somme_0_utilization_synth.pb
INFO: [Common 17-206] Exiting Vivado at Thu Jun  5 15:10:12 2025...
