#-----------------------------------------------------------
# Vivado v2020.2 (64-bit)
# SW Build 3064766 on Wed Nov 18 09:12:45 MST 2020
# IP Build 3064653 on Wed Nov 18 14:17:31 MST 2020
# Start of session at: Thu Jun 12 08:56:10 2025
# Process ID: 37840
# Current directory: C:/Users/gabma/ProjetS4/labo_2/labo1/projet_vivado
# Command line: vivado.exe -gui_launcher_event rodinguilauncherevent25972 C:\Users\gabma\ProjetS4\labo_2\labo1\projet_vivado\projet_vivado.xpr
# Log file: C:/Users/gabma/ProjetS4/labo_2/labo1/projet_vivado/vivado.log
# Journal file: C:/Users/gabma/ProjetS4/labo_2/labo1/projet_vivado\vivado.jou
#-----------------------------------------------------------
start_gui
open_project C:/Users/gabma/ProjetS4/labo_2/labo1/projet_vivado/projet_vivado.xpr
INFO: [Project 1-313] Project file moved from 'C:/Users/gabma/Projet S4/labo1_final/labo1/projet_vivado' since last save.
Scanning sources...
Finished scanning sources
INFO: [IP_Flow 19-234] Refreshing IP repositories
INFO: [IP_Flow 19-1700] Loaded user IP repository 'c:/Users/gabma/ProjetS4/labo_2/labo1/env_vivado/ipdefs'.
INFO: [IP_Flow 19-2313] Loaded Vivado IP repository 'C:/Xilinx/Vivado/2020.2/data/ip'.
open_project: Time (s): cpu = 00:00:08 ; elapsed = 00:00:21 . Memory (MB): peak = 1136.281 ; gain = 57.895
update_compile_order -fileset sources_1
open_bd_design {C:/Users/gabma/ProjetS4/labo_2/labo1/projet_vivado/projet_vivado.srcs/sources_1/bd/main_design/main_design.bd}
Reading block design file <C:/Users/gabma/ProjetS4/labo_2/labo1/projet_vivado/projet_vivado.srcs/sources_1/bd/main_design/main_design.bd>...
Adding component instance block -- xilinx.com:ip:c_shift_ram:12.0 - Delai_1cycle_A
Adding component instance block -- xilinx.com:ip:c_shift_ram:12.0 - Delai_2cycle
Adding component instance block -- xilinx.com:ip:c_addsub:12.0 - Somme
Adding component instance block -- S4e:user:myip_S4e_4reg:1.0 - myip_S4e_4reg_0
Adding component instance block -- xilinx.com:ip:axi_gpio:2.0 - axi_gpio_0
Adding component instance block -- xilinx.com:ip:axi_interconnect:2.1 - axi_interconnect_0
Adding component instance block -- xilinx.com:ip:axi_crossbar:2.1 - xbar
Adding component instance block -- xilinx.com:ip:axi_dwidth_converter:2.1 - auto_us
Adding component instance block -- xilinx.com:ip:axi_dwidth_converter:2.1 - auto_us
Adding component instance block -- xilinx.com:ip:axi_protocol_converter:2.1 - auto_pc
Adding component instance block -- xilinx.com:ip:axi_quad_spi:3.2 - axi_quad_spi_0
Adding component instance block -- xilinx.com:ip:axi_uartlite:2.0 - axi_uartlite_0
Adding component instance block -- xilinx.com:ip:clk_wiz:6.0 - clk_wiz_1
Adding component instance block -- xilinx.com:ip:mdm:3.2 - mdm_0
Adding component instance block -- xilinx.com:ip:microblaze:11.0 - microblaze_0
Adding component instance block -- xilinx.com:ip:axi_intc:4.1 - microblaze_0_axi_intc
Adding component instance block -- xilinx.com:ip:axi_interconnect:2.1 - microblaze_0_axi_periph
Adding component instance block -- xilinx.com:ip:axi_crossbar:2.1 - xbar
Adding component instance block -- xilinx.com:ip:axi_protocol_converter:2.1 - auto_pc
Adding component instance block -- xilinx.com:ip:axi_protocol_converter:2.1 - auto_pc
Adding component instance block -- xilinx.com:ip:xlconcat:2.1 - microblaze_0_xlconcat
Adding component instance block -- xilinx.com:ip:processing_system7:5.5 - processing_system7_0
Adding component instance block -- xilinx.com:ip:proc_sys_reset:5.0 - rst_clk_wiz_1_100M
Adding component instance block -- xilinx.com:ip:xlconcat:2.1 - xlconcat_0
Adding component instance block -- xilinx.com:ip:xlconstant:1.1 - xlconstant_0
Excluding slave segment /processing_system7_0/S_AXI_GP0/GP0_DDR_LOWOCM from address space /microblaze_0/Data.
Excluding slave segment /processing_system7_0/S_AXI_GP0/GP0_QSPI_LINEAR from address space /microblaze_0/Data.
Successfully read diagram <main_design> from block design file <C:/Users/gabma/ProjetS4/labo_2/labo1/projet_vivado/projet_vivado.srcs/sources_1/bd/main_design/main_design.bd>
open_bd_design: Time (s): cpu = 00:00:05 ; elapsed = 00:00:11 . Memory (MB): peak = 1319.855 ; gain = 158.867
create_peripheral xilinx.com user CustomIP 1.0 -dir C:/Users/gabma/ProjetS4/labo_2/labo1/projet_vivado/../ip_repo
add_peripheral_interface S00_AXI -interface_mode slave -axi_type lite [ipx::find_open_core xilinx.com:user:CustomIP:1.0]
generate_peripheral -driver -bfm_example_design -debug_hw_example_design [ipx::find_open_core xilinx.com:user:CustomIP:1.0]
write_peripheral [ipx::find_open_core xilinx.com:user:CustomIP:1.0]
set_property  ip_repo_paths  {C:/Users/gabma/ProjetS4/labo_2/labo1/projet_vivado/../ip_repo/CustomIP_1.0 C:/Users/gabma/ProjetS4/labo_2/labo1/env_vivado/ipdefs} [current_project]
update_ip_catalog -rebuild
INFO: [IP_Flow 19-234] Refreshing IP repositories
INFO: [IP_Flow 19-1700] Loaded user IP repository 'c:/Users/gabma/ProjetS4/labo_2/labo1/ip_repo/CustomIP_1.0'.
INFO: [IP_Flow 19-1700] Loaded user IP repository 'c:/Users/gabma/ProjetS4/labo_2/labo1/env_vivado/ipdefs'.
ipx::edit_ip_in_project -upgrade true -name edit_CustomIP_v1_0 -directory C:/Users/gabma/ProjetS4/labo_2/labo1/projet_vivado/../ip_repo c:/Users/gabma/ProjetS4/labo_2/labo1/ip_repo/CustomIP_1.0/component.xml
INFO: [IP_Flow 19-234] Refreshing IP repositories
INFO: [IP_Flow 19-1704] No user IP repositories specified
INFO: [IP_Flow 19-2313] Loaded Vivado IP repository 'C:/Xilinx/Vivado/2020.2/data/ip'.
create_project: Time (s): cpu = 00:00:04 ; elapsed = 00:00:06 . Memory (MB): peak = 1540.004 ; gain = 31.859
INFO: [IP_Flow 19-234] Refreshing IP repositories
INFO: [IP_Flow 19-1700] Loaded user IP repository 'c:/Users/gabma/ProjetS4/labo_2/labo1/ip_repo/CustomIP_1.0'.
INFO: [IP_Flow 19-1700] Loaded user IP repository 'c:/Users/gabma/ProjetS4/labo_2/labo1/env_vivado/ipdefs'.
INFO: [IP_Flow 19-795] Syncing license key meta-data
ipx::edit_ip_in_project: Time (s): cpu = 00:00:05 ; elapsed = 00:00:08 . Memory (MB): peak = 1540.004 ; gain = 31.859
update_compile_order -fileset sources_1
current_project projet_vivado
close_project
exit
INFO: [Common 17-206] Exiting Vivado at Thu Jun 12 09:13:14 2025...
